Ready!

<< >> doalltests
All Tests
GATEONPOWERTESTSTART
test	Shunt	Bus	Current	Power	Shunt	Bus	Current	Power	Shunt	Bus	Current	Power	Shunt	Bus	Current	Power
0	0.89	4.57	8.90	41.00	0.89	4.26	8.90	38.00	-0.01	0.04	-0.10	0.00	-0.01	0.05	0.00	0.00
GATEONPOWERTESTEND
GATEOFFPOWERTESTSTART
test	Shunt	Bus	Current	Power	Shunt	Bus	Current	Power	Shunt	Bus	Current	Power	Shunt	Bus	Current	Power
0	0.00	4.61	0.10	0.00	-0.01	0.00	-0.10	0.00	-0.01	3.99	-0.10	0.00	0.00	3.99	0.00	0.00
GATEOFFPOWERTESTEND
PINARISETHRESHOLDTESTSTART
test	Shunt	Bus	Current	Power	Shunt	Bus	Current	Power	Shunt	Bus	Current	Power	Shunt	Bus	Current	Power
0	0.89	4.57	8.90	41.00	0.89	4.26	8.90	38.00	-0.02	0.05	-0.20	0.00	-0.01	0.05	-0.10	0.00
1	0.89	4.58	8.90	41.00	0.89	4.26	8.90	38.00	-0.01	0.05	-0.10	0.00	-0.01	0.05	-0.10	0.00
2	0.89	4.58	8.90	41.00	0.89	4.26	8.80	38.00	-0.01	0.04	-0.20	0.00	-0.01	0.05	-0.10	0.00
3	0.89	4.58	8.90	41.00	0.89	4.27	8.90	38.00	-0.02	0.04	-0.10	0.00	-0.01	0.05	-0.10	0.00
4	0.89	4.58	8.90	41.00	0.88	4.27	8.90	38.00	-0.02	0.05	-0.20	0.00	-0.01	0.05	-0.10	0.00
5	0.88	4.57	8.90	41.00	0.89	4.26	8.90	38.00	-0.01	0.05	-0.10	0.00	-0.01	0.05	-0.10	0.00
6	0.88	4.56	8.80	41.00	0.88	4.27	8.90	38.00	-0.01	0.04	-0.20	0.00	-0.01	0.05	-0.10	0.00
7	0.88	4.56	8.90	41.00	0.89	4.26	8.90	38.00	-0.01	0.04	-0.10	0.00	-0.01	0.05	0.00	0.00
8	0.89	4.57	8.90	41.00	0.89	4.25	8.90	38.00	-0.02	0.04	-0.10	0.00	0.00	0.05	-0.10	0.00
9	0.89	4.58	8.90	41.00	0.89	4.26	8.90	38.00	-0.01	0.05	-0.20	0.00	0.00	0.05	0.00	0.00
PINARISETHRESHOLDTESTEND
PINBRISETHRESHOLDTESTSTART
test	Shunt	Bus	Current	Power	Shunt	Bus	Current	Power	Shunt	Bus	Current	Power	Shunt	Bus	Current	Power
0	0.89	4.57	8.90	41.00	0.88	4.27	8.90	38.00	-0.01	0.04	-0.10	0.00	-0.01	0.05	-0.10	0.00
1	0.89	4.57	8.80	41.00	0.89	4.26	8.90	38.00	-0.01	0.04	-0.10	0.00	0.00	0.05	0.00	0.00
2	0.89	4.57	8.90	41.00	0.89	4.26	8.90	38.00	-0.01	0.05	-0.10	0.00	-0.01	0.05	-0.10	0.00
3	0.90	4.57	9.00	41.00	0.89	4.26	8.90	38.00	-0.02	0.04	-0.10	0.00	0.00	0.05	-0.10	0.00
4	0.89	4.58	8.90	41.00	0.89	4.26	8.80	38.00	-0.01	0.04	-0.20	0.00	-0.01	0.05	-0.10	0.00
5	0.89	4.58	8.90	41.00	0.89	4.27	8.90	38.00	-0.01	0.04	-0.10	0.00	-0.01	0.05	-0.10	0.00
6	0.89	4.59	8.90	41.00	0.89	4.28	8.90	38.00	-0.01	0.05	-0.10	0.00	-0.01	0.05	-0.10	0.00
7	0.89	4.58	8.90	41.00	0.89	4.27	8.90	38.00	-0.01	0.04	-0.20	0.00	0.00	0.05	-0.10	0.00
8	0.89	4.57	8.90	41.00	0.89	4.27	8.90	38.00	-0.01	0.05	-0.10	0.00	-0.01	0.05	-0.10	0.00
9	0.89	4.56	8.90	41.00	0.89	4.27	8.80	38.00	-0.01	0.04	-0.10	0.00	-0.01	0.05	-0.10	0.00
PINBRISETHRESHOLDTESTEND
PINABRISETHRESHOLDTESTSTART
test	Shunt	Bus	Current	Power	Shunt	Bus	Current	Power	Shunt	Bus	Current	Power	Shunt	Bus	Current	Power
0	0.89	4.58	8.90	41.00	0.89	4.26	8.90	38.00	-0.01	0.04	-0.10	0.00	-0.01	0.05	-0.10	0.00
1	0.89	4.58	8.90	41.00	0.89	4.27	8.90	38.00	-0.01	0.04	-0.20	0.00	-0.01	0.05	-0.10	0.00
2	0.89	4.57	8.90	41.00	0.89	4.27	8.90	38.00	-0.01	0.04	-0.20	0.00	-0.01	0.05	-0.10	0.00
3	0.89	4.57	8.90	41.00	0.89	4.27	8.90	38.00	-0.01	0.04	-0.10	0.00	-0.01	0.05	0.00	0.00
4	0.88	4.57	8.90	41.00	0.89	4.26	8.90	38.00	-0.02	0.05	-0.10	0.00	-0.01	0.05	-0.10	0.00
5	0.88	4.57	8.90	41.00	0.89	4.26	8.90	38.00	-0.01	0.04	-0.20	0.00	-0.01	0.05	0.00	0.00
6	0.89	4.57	8.90	41.00	0.89	4.25	8.80	38.00	-0.01	0.05	-0.10	0.00	0.00	0.05	-0.10	0.00
7	0.89	4.58	8.90	41.00	0.88	4.26	8.90	38.00	-0.01	0.05	-0.20	0.00	-0.01	0.05	-0.10	0.00
8	0.89	4.58	8.90	41.00	0.89	4.26	8.90	38.00	-0.01	0.04	-0.10	0.00	-0.01	0.05	-0.10	0.00
9	0.89	4.58	8.90	41.00	0.89	4.27	8.90	38.00	-0.01	0.04	-0.10	0.00	-0.01	0.05	-0.10	0.00
PINABRISETHRESHOLDTESTEND
PINAFALLTHRESHOLDTESTSTART
test	Shunt	Bus	Current	Power	Shunt	Bus	Current	Power	Shunt	Bus	Current	Power	Shunt	Bus	Current	Power
0	0.89	4.59	0.10	0.00	-0.02	0.00	-0.20	0.00	-0.01	4.01	-0.10	0.00	-0.01	0.05	0.00	0.00
1	0.01	4.61	0.00	0.00	-0.01	0.00	-0.10	0.00	-0.01	4.00	-0.10	0.00	-0.01	0.05	-0.10	0.00
2	0.01	4.62	0.10	0.00	-0.01	0.00	-0.10	0.00	-0.01	4.00	-0.10	0.00	0.00	0.05	-0.10	0.00
3	0.01	4.62	0.10	0.00	-0.01	0.00	-0.10	0.00	-0.01	4.00	-0.10	0.00	-0.01	0.05	-0.10	0.00
4	0.01	4.62	0.00	0.00	-0.01	0.00	-0.10	0.00	-0.01	4.00	0.00	0.00	-0.01	0.05	0.00	0.00
5	0.01	4.62	0.00	0.00	-0.01	0.00	-0.10	0.00	0.00	4.01	-0.10	0.00	-0.01	0.05	0.00	0.00
6	0.01	4.60	0.00	0.00	-0.01	0.00	-0.10	0.00	-0.01	4.01	-0.10	0.00	0.00	0.05	-0.10	0.00
7	0.01	4.60	0.10	0.00	-0.01	0.00	-0.10	0.00	-0.01	4.02	-0.10	0.00	0.00	0.05	-0.10	0.00
8	0.00	4.60	0.10	0.00	-0.01	0.00	-0.10	0.00	-0.01	4.01	-0.10	0.00	-0.01	0.05	-0.10	0.00
9	0.01	4.61	0.10	0.00	-0.01	0.00	-0.20	0.00	-0.01	4.00	-0.10	0.00	0.00	0.05	-0.10	0.00
PINAFALLTHRESHOLDTESTEND
PINBFALLTHRESHOLDTESTSTART
test	Shunt	Bus	Current	Power	Shunt	Bus	Current	Power	Shunt	Bus	Current	Power	Shunt	Bus	Current	Power
0	0.89	4.60	0.00	0.00	-0.01	0.00	-0.10	0.00	-0.01	0.04	-0.10	0.00	0.00	4.01	0.00	0.00
1	0.01	4.60	0.10	0.00	-0.01	0.00	0.00	0.00	-0.01	0.04	-0.20	0.00	0.00	4.01	0.00	0.00
2	0.01	4.60	0.10	0.00	-0.01	0.00	-0.10	0.00	-0.01	0.04	-0.20	0.00	0.01	4.01	0.00	0.00
3	0.00	4.61	0.10	0.00	-0.01	0.00	-0.10	0.00	-0.01	0.04	-0.20	0.00	0.00	4.00	0.00	0.00
4	0.01	4.61	0.10	0.00	-0.01	0.00	-0.10	0.00	-0.01	0.04	-0.10	0.00	0.00	4.00	0.00	0.00
5	0.01	4.61	0.10	0.00	-0.01	0.00	-0.10	0.00	-0.02	0.05	-0.10	0.00	0.00	3.99	0.00	0.00
6	0.00	4.61	0.00	0.00	-0.01	0.00	-0.10	0.00	-0.01	0.05	-0.10	0.00	0.00	3.98	0.00	0.00
7	0.01	4.61	0.00	0.00	-0.01	0.00	-0.10	0.00	-0.01	0.04	-0.10	0.00	0.00	3.98	0.00	0.00
8	0.00	4.60	0.10	0.00	-0.01	0.00	-0.20	0.00	-0.01	0.05	-0.10	0.00	0.00	3.99	0.00	0.00
9	0.01	4.60	0.00	0.00	-0.01	0.00	-0.10	0.00	-0.01	0.04	-0.10	0.00	0.00	4.00	0.00	0.00
PINBFALLTHRESHOLDTESTEND
PINABFALLTHRESHOLDTESTSTART
test	Shunt	Bus	Current	Power	Shunt	Bus	Current	Power	Shunt	Bus	Current	Power	Shunt	Bus	Current	Power
0	0.90	4.60	0.00	0.00	-0.01	0.00	-0.20	0.00	-0.01	4.00	-0.10	0.00	0.00	4.00	0.00	0.00
1	0.01	4.61	0.10	0.00	-0.01	0.00	-0.10	0.00	0.00	4.00	-0.10	0.00	0.00	4.00	0.00	0.00
2	0.01	4.60	0.00	0.00	-0.01	0.00	-0.20	0.00	-0.01	4.01	-0.10	0.00	0.00	3.99	0.00	0.00
3	0.01	4.60	0.10	0.00	-0.01	0.00	-0.10	0.00	-0.01	4.01	0.00	0.00	0.00	4.00	0.00	0.00
4	0.01	4.60	0.10	0.00	-0.01	0.00	-0.10	0.00	0.00	4.00	-0.10	0.00	0.00	4.00	0.00	0.00
5	0.00	4.60	0.10	0.00	-0.01	0.00	-0.10	0.00	-0.01	4.00	0.00	0.00	0.00	4.00	0.00	0.00
6	0.00	4.60	0.10	0.00	-0.01	0.00	-0.10	0.00	-0.01	4.00	-0.10	0.00	0.00	4.00	0.00	0.00
7	0.01	4.60	0.00	0.00	-0.01	0.00	-0.10	0.00	-0.01	3.99	0.00	0.00	0.00	3.99	0.00	0.00
8	0.01	4.60	0.10	0.00	-0.01	0.00	-0.10	0.00	-0.01	3.99	-0.10	0.00	0.00	3.98	0.00	0.00
9	0.01	4.61	0.00	0.00	-0.01	0.00	-0.10	0.00	-0.01	4.00	-0.10	0.00	0.00	3.99	0.00	0.00
PINABFALLTHRESHOLDTESTEND
<< 