CMDINPUTREADY

Ready!

<< >> sweepall
Done!

CMDINPUTREADY

>> measureall
Chan	Shunt	Bus	Current	Power
1	0.85	4.38	8.40	36.00	
2	0.85	4.15	8.40	36.00	
3	-0.01	0.04	-0.10	0.00	
4	-0.01	0.05	-0.10	0.00	
CMDINPUTREADY

>> doalltests
All Tests
ALLTESTSSTART
GATEONPOWERTESTSTART
test	Shunt	Bus	Current	Power	Shunt	Bus	Current	Power	Shunt	Bus	Current	Power	Shunt	Bus	Current	Power
0	0.86	4.40	8.40	38.00	0.84	4.17	8.40	34.00	-0.01	0.04	-0.10	0.00	0.00	0.05	-0.10	0.00
GATEONPOWERTESTEND
GATEOFFPOWERTESTSTART
test	Shunt	Bus	Current	Power	Shunt	Bus	Current	Power	Shunt	Bus	Current	Power	Shunt	Bus	Current	Power
0	0.01	4.45	0.00	0.00	-0.01	0.00	-0.10	0.00	0.00	3.84	-0.10	0.00	0.00	3.84	0.00	0.00
GATEOFFPOWERTESTEND
PINARISETHRESHOLDTESTSTART
test	Shunt	Bus	Current	Power	Shunt	Bus	Current	Power	Shunt	Bus	Current	Power	Shunt	Bus	Current	Power
0	0.85	4.38	8.40	36.00	0.84	4.15	8.40	34.00	-0.02	0.04	-0.10	0.00	-0.01	0.05	-0.10	0.00
1	0.85	4.39	8.50	38.00	0.85	4.17	8.50	36.00	-0.01	0.04	-0.10	0.00	0.00	0.05	-0.10	0.00
2	0.84	4.38	8.40	36.00	0.84	4.16	8.40	34.00	-0.02	0.04	-0.10	0.00	-0.01	0.05	-0.10	0.00
3	0.85	4.40	8.40	38.00	0.85	4.17	8.50	36.00	-0.02	0.04	-0.20	0.00	0.00	0.05	-0.10	0.00
4	0.85	4.38	8.40	38.00	0.84	4.16	8.40	34.00	-0.01	0.04	-0.10	0.00	-0.01	0.05	0.00	0.00
5	0.85	4.40	8.50	38.00	0.85	4.17	8.50	36.00	-0.01	0.04	-0.10	0.00	-0.01	0.05	-0.10	0.00
6	0.85	4.38	8.50	38.00	0.85	4.15	8.40	34.00	-0.02	0.04	-0.10	0.00	0.00	0.05	-0.10	0.00
7	0.85	4.40	8.50	38.00	0.85	4.17	8.40	34.00	-0.01	0.04	-0.10	0.00	-0.01	0.05	-0.10	0.00
8	0.85	4.39	8.40	36.00	0.84	4.15	8.40	34.00	-0.01	0.05	-0.10	0.00	0.00	0.05	-0.10	0.00
9	0.85	4.40	8.50	38.00	0.85	4.18	8.40	34.00	-0.01	0.04	-0.10	0.00	0.00	0.05	-0.10	0.00
PINARISETHRESHOLDTESTEND
PINBRISETHRESHOLDTESTSTART
test	Shunt	Bus	Current	Power	Shunt	Bus	Current	Power	Shunt	Bus	Current	Power	Shunt	Bus	Current	Power
0	0.85	4.40	8.50	38.00	0.85	4.16	8.50	36.00	-0.01	0.04	-0.10	0.00	-0.01	0.05	0.00	0.00
1	0.84	4.40	8.40	38.00	0.84	4.17	8.50	34.00	-0.01	0.05	-0.10	0.00	-0.01	0.05	-0.10	0.00
2	0.84	4.38	8.50	38.00	0.84	4.18	8.40	34.00	-0.01	0.04	-0.10	0.00	0.00	0.05	0.00	0.00
3	0.84	4.37	8.40	36.00	0.84	4.17	8.50	36.00	-0.01	0.04	-0.10	0.00	-0.01	0.05	0.00	0.00
4	0.85	4.37	8.40	38.00	0.85	4.15	8.40	36.00	-0.01	0.05	-0.10	0.00	0.00	0.05	0.00	0.00
5	0.84	4.37	8.40	38.00	0.84	4.15	8.40	34.00	-0.01	0.05	-0.20	0.00	-0.01	0.05	-0.10	0.00
6	0.85	4.38	8.50	36.00	0.84	4.16	8.40	34.00	-0.01	0.04	-0.10	0.00	-0.01	0.05	-0.10	0.00
7	0.84	4.39	8.40	38.00	0.84	4.16	8.40	34.00	-0.01	0.04	-0.20	0.00	0.00	0.05	0.00	0.00
8	0.85	4.40	8.40	38.00	0.84	4.15	8.50	36.00	-0.01	0.04	-0.10	0.00	-0.01	0.05	-0.10	0.00
9	0.84	4.40	8.50	38.00	0.84	4.18	8.50	34.00	-0.01	0.04	-0.10	0.00	0.00	0.05	-0.10	0.00
PINBRISETHRESHOLDTESTEND
PINABRISETHRESHOLDTESTSTART
test	Shunt	Bus	Current	Power	Shunt	Bus	Current	Power	Shunt	Bus	Current	Power	Shunt	Bus	Current	Power
0	0.85	4.40	8.40	36.00	0.84	4.15	8.40	34.00	-0.01	0.04	-0.20	0.00	-0.01	0.05	-0.10	0.00
1	0.85	4.39	8.50	38.00	0.84	4.16	8.40	34.00	-0.01	0.04	-0.10	0.00	0.00	0.05	-0.10	0.00
2	0.85	4.39	8.50	38.00	0.84	4.17	8.40	34.00	-0.01	0.04	-0.10	0.00	-0.01	0.05	-0.10	0.00
3	0.85	4.40	8.50	38.00	0.85	4.16	8.50	36.00	-0.01	0.04	-0.10	0.00	-0.01	0.05	-0.10	0.00
4	0.85	4.40	8.40	38.00	0.85	4.17	8.50	36.00	-0.01	0.04	-0.10	0.00	-0.01	0.05	-0.10	0.00
5	0.84	4.39	8.40	38.00	0.84	4.18	8.50	36.00	-0.01	0.04	-0.20	0.00	-0.01	0.05	0.00	0.00
6	0.84	4.37	8.50	38.00	0.85	4.16	8.50	36.00	-0.01	0.05	-0.10	0.00	-0.01	0.05	0.00	0.00
7	0.85	4.37	8.40	36.00	0.84	4.17	8.50	36.00	-0.01	0.05	-0.10	0.00	0.00	0.05	-0.10	0.00
8	0.84	4.38	8.50	36.00	0.84	4.16	8.40	34.00	-0.01	0.04	-0.10	0.00	0.00	0.05	-0.10	0.00
9	0.84	4.39	8.50	38.00	0.84	4.14	8.40	34.00	-0.01	0.05	-0.10	0.00	-0.01	0.05	-0.10	0.00
PINABRISETHRESHOLDTESTEND
PINAFALLTHRESHOLDTESTSTART
test	Shunt	Bus	Current	Power	Shunt	Bus	Current	Power	Shunt	Bus	Current	Power	Shunt	Bus	Current	Power
0	0.85	4.39	8.50	38.00	0.84	4.17	8.50	36.00	-0.01	0.04	-0.10	0.00	0.00	0.05	-0.10	0.00
1	0.85	4.40	8.40	38.00	0.85	4.17	8.50	36.00	-0.01	0.05	-0.10	0.00	-0.01	0.05	0.00	0.00
2	0.84	4.38	8.40	36.00	0.85	4.16	8.50	36.00	-0.01	0.05	-0.10	0.00	-0.01	0.05	-0.10	0.00
3	0.85	4.41	8.50	38.00	0.85	4.18	8.50	36.00	-0.02	0.04	-0.20	0.00	-0.01	0.05	0.00	0.00
4	0.84	4.38	8.50	38.00	0.84	4.16	8.50	36.00	-0.01	0.04	-0.10	0.00	-0.01	0.05	-0.10	0.00
5	0.85	4.40	8.50	38.00	0.85	4.17	8.50	34.00	-0.01	0.04	-0.10	0.00	-0.01	0.05	-0.10	0.00
6	0.85	4.38	8.40	36.00	0.84	4.17	8.50	36.00	-0.01	0.04	-0.10	0.00	-0.01	0.05	-0.10	0.00
7	0.85	4.40	8.50	38.00	0.85	4.17	8.50	36.00	-0.01	0.05	-0.10	0.00	0.00	0.05	-0.10	0.00
8	0.85	4.38	8.50	38.00	0.84	4.17	8.50	36.00	-0.01	0.04	-0.20	0.00	-0.01	0.05	-0.10	0.00
9	0.84	4.40	8.50	38.00	0.85	4.17	8.40	34.00	-0.01	0.04	-0.10	0.00	0.00	0.05	-0.10	0.00
PINAFALLTHRESHOLDTESTEND
PINBFALLTHRESHOLDTESTSTART
test	Shunt	Bus	Current	Power	Shunt	Bus	Current	Power	Shunt	Bus	Current	Power	Shunt	Bus	Current	Power
0	0.85	4.46	0.00	0.00	-0.01	0.00	-0.10	0.00	-0.01	3.84	-0.10	0.00	0.00	3.84	0.00	0.00
1	0.00	4.45	0.10	0.00	-0.01	0.00	-0.10	0.00	-0.01	3.84	-0.10	0.00	0.00	3.84	0.00	0.00
2	0.00	4.45	0.10	0.00	-0.01	0.00	-0.10	0.00	-0.01	3.86	-0.10	0.00	0.00	3.84	0.00	0.00
3	0.00	4.44	0.10	0.00	-0.01	0.00	-0.10	0.00	0.00	3.85	-0.10	0.00	0.00	3.84	0.00	0.00
4	0.01	4.44	0.00	0.00	-0.01	0.00	-0.10	0.00	0.00	3.84	-0.10	0.00	0.00	3.85	0.00	0.00
5	0.01	4.45	0.00	0.00	-0.01	0.00	-0.10	0.00	-0.01	3.84	-0.10	0.00	0.00	3.84	0.00	0.00
6	0.01	4.46	0.00	0.00	-0.02	0.00	-0.10	0.00	-0.01	3.83	0.00	0.00	0.00	3.84	0.00	0.00
7	0.01	4.46	0.00	0.00	-0.01	0.00	-0.10	0.00	-0.01	3.82	-0.10	0.00	0.00	3.84	0.00	0.00
8	0.01	4.46	0.10	0.00	-0.01	0.00	-0.10	0.00	0.00	3.82	0.00	0.00	0.00	3.83	0.00	0.00
9	0.00	4.45	0.10	0.00	-0.02	0.00	-0.20	0.00	0.00	3.84	-0.10	0.00	0.00	3.82	0.00	0.00
PINBFALLTHRESHOLDTESTEND
PINABFALLTHRESHOLDTESTSTART
test	Shunt	Bus	Current	Power	Shunt	Bus	Current	Power	Shunt	Bus	Current	Power	Shunt	Bus	Current	Power
0	0.76	4.44	0.10	0.00	-0.02	0.00	-0.10	0.00	-0.01	3.84	-0.10	0.00	0.00	3.84	0.10	0.00
1	0.01	4.46	0.10	0.00	-0.01	0.00	-0.10	0.00	0.00	3.82	-0.10	0.00	0.00	3.84	0.00	0.00
2	0.01	4.46	0.00	0.00	-0.01	0.00	-0.10	0.00	0.00	3.82	-0.10	0.00	0.00	3.83	0.00	0.00
3	0.00	4.46	0.00	0.00	-0.02	0.00	-0.10	0.00	0.00	3.83	-0.10	0.00	0.00	3.83	0.00	0.00
4	0.01	4.45	0.00	0.00	-0.01	0.00	-0.20	0.00	-0.01	3.85	-0.10	0.00	0.00	3.83	0.10	0.00
5	0.01	4.44	0.10	0.00	-0.01	0.00	-0.10	0.00	-0.01	3.86	-0.10	0.00	0.00	3.84	0.00	0.00
6	0.00	4.44	0.00	0.00	-0.01	0.00	-0.10	0.00	-0.01	3.86	-0.10	0.00	0.00	3.84	0.00	0.00
7	0.00	4.44	0.10	0.00	-0.01	0.00	-0.10	0.00	-0.01	3.84	-0.10	0.00	0.00	3.83	0.00	0.00
8	0.00	4.45	0.00	0.00	-0.02	0.00	-0.10	0.00	-0.01	3.83	-0.10	0.00	0.00	3.83	0.00	0.00
9	0.00	4.46	0.10	0.00	-0.01	0.00	-0.10	0.00	0.00	3.83	-0.10	0.00	0.00	3.84	0.00	0.00
PINABFALLTHRESHOLDTESTEND
ALLTESTSEND
CMDINPUTREADY

