Ready!

<< >> doalltests
All Tests
GATEONPOWERTESTSTART
test	Shunt	Bus	Current	Power	Shunt	Bus	Current	Power	Shunt	Bus	Current	Power	Shunt	Bus	Current	Power
0	0.85	4.43	8.40	38.00	0.84	4.16	8.40	34.00	-0.01	0.05	-0.10	0.00	0.00	0.05	0.00	0.00
GATEONPOWERTESTEND
GATEOFFPOWERTESTSTART
test	Shunt	Bus	Current	Power	Shunt	Bus	Current	Power	Shunt	Bus	Current	Power	Shunt	Bus	Current	Power
0	0.00	4.48	0.10	0.00	-0.01	0.00	-0.10	0.00	-0.01	3.86	-0.10	0.00	0.00	3.89	0.00	0.00
GATEOFFPOWERTESTEND
PINARISETHRESHOLDTESTSTART
test	Shunt	Bus	Current	Power	Shunt	Bus	Current	Power	Shunt	Bus	Current	Power	Shunt	Bus	Current	Power
0	0.84	4.43	8.50	38.00	0.84	4.14	8.40	34.00	-0.01	0.04	-0.10	0.00	-0.01	0.05	-0.10	0.00
1	0.85	4.45	8.50	38.00	0.84	4.16	8.50	36.00	-0.01	0.05	-0.10	0.00	-0.01	0.05	-0.10	0.00
2	0.84	4.42	8.40	38.00	0.84	4.14	8.40	34.00	-0.01	0.04	-0.10	0.00	0.00	0.05	-0.10	0.00
3	0.85	4.45	8.40	38.00	0.85	4.16	8.50	36.00	-0.02	0.05	-0.20	0.00	-0.01	0.05	-0.10	0.00
4	0.84	4.42	8.40	38.00	0.84	4.15	8.40	34.00	-0.01	0.04	-0.10	0.00	-0.01	0.05	0.00	0.00
5	0.85	4.45	8.50	38.00	0.84	4.16	8.40	34.00	-0.01	0.04	-0.20	0.00	0.00	0.05	-0.10	0.00
6	0.84	4.42	8.40	38.00	0.84	4.15	8.40	34.00	-0.01	0.04	-0.10	0.00	-0.01	0.05	0.00	0.00
7	0.84	4.46	8.50	38.00	0.84	4.16	8.50	36.00	-0.01	0.04	-0.10	0.00	0.00	0.05	0.00	0.00
8	0.84	4.42	8.40	38.00	0.84	4.15	8.40	34.00	-0.01	0.04	-0.10	0.00	-0.01	0.05	0.00	0.00
9	0.84	4.45	8.40	38.00	0.85	4.16	8.40	34.00	-0.01	0.04	-0.10	0.00	-0.01	0.05	-0.10	0.00
PINARISETHRESHOLDTESTEND
PINBRISETHRESHOLDTESTSTART
test	Shunt	Bus	Current	Power	Shunt	Bus	Current	Power	Shunt	Bus	Current	Power	Shunt	Bus	Current	Power
0	0.85	4.44	8.40	38.00	0.84	4.17	8.40	34.00	-0.02	0.04	-0.10	0.00	0.00	0.05	-0.10	0.00
1	0.84	4.42	8.40	38.00	0.85	4.16	8.50	36.00	-0.01	0.04	-0.10	0.00	-0.01	0.05	0.00	0.00
2	0.84	4.41	8.40	38.00	0.85	4.16	8.50	34.00	-0.01	0.05	-0.20	0.00	-0.01	0.05	-0.10	0.00
3	0.84	4.42	8.40	38.00	0.83	4.17	8.40	34.00	-0.01	0.04	-0.10	0.00	-0.01	0.05	-0.10	0.00
4	0.84	4.43	8.40	36.00	0.84	4.14	8.40	34.00	-0.01	0.04	-0.10	0.00	0.00	0.05	-0.10	0.00
5	0.84	4.44	8.40	36.00	0.84	4.14	8.40	34.00	-0.01	0.04	-0.10	0.00	0.00	0.05	-0.10	0.00
6	0.84	4.44	8.40	38.00	0.84	4.16	8.40	34.00	-0.01	0.04	-0.20	0.00	-0.01	0.05	-0.10	0.00
7	0.85	4.44	8.50	38.00	0.84	4.15	8.40	34.00	-0.01	0.04	-0.10	0.00	-0.01	0.05	-0.10	0.00
8	0.85	4.43	8.40	38.00	0.85	4.16	8.30	34.00	-0.01	0.04	-0.10	0.00	0.00	0.05	-0.10	0.00
9	0.85	4.44	8.50	38.00	0.85	4.17	8.50	34.00	-0.01	0.04	-0.10	0.00	-0.01	0.05	-0.10	0.00
PINBRISETHRESHOLDTESTEND
PINABRISETHRESHOLDTESTSTART
test	Shunt	Bus	Current	Power	Shunt	Bus	Current	Power	Shunt	Bus	Current	Power	Shunt	Bus	Current	Power
0	0.85	4.44	8.50	38.00	0.84	4.14	8.30	34.00	-0.01	0.04	-0.10	0.00	0.00	0.05	-0.10	0.00
1	0.84	4.45	8.40	38.00	0.84	4.16	8.40	34.00	-0.01	0.04	-0.10	0.00	-0.01	0.05	-0.10	0.00
2	0.85	4.44	8.40	38.00	0.84	4.17	8.40	34.00	-0.02	0.05	-0.10	0.00	-0.01	0.05	-0.10	0.00
3	0.85	4.44	8.40	38.00	0.85	4.16	8.40	36.00	-0.02	0.05	-0.20	0.00	0.00	0.05	0.00	0.00
4	0.84	4.43	8.50	38.00	0.85	4.17	8.50	34.00	-0.01	0.04	-0.20	0.00	0.00	0.05	0.00	0.00
5	0.83	4.42	8.40	38.00	0.84	4.17	8.40	34.00	-0.01	0.04	-0.10	0.00	-0.01	0.05	-0.10	0.00
6	0.84	4.43	8.30	38.00	0.85	4.15	8.40	36.00	-0.01	0.04	-0.10	0.00	0.00	0.05	0.00	0.00
7	0.84	4.42	8.30	36.00	0.84	4.15	8.40	34.00	-0.01	0.04	-0.10	0.00	-0.01	0.05	0.00	0.00
8	0.84	4.42	8.40	38.00	0.84	4.15	8.30	34.00	-0.01	0.04	-0.10	0.00	-0.01	0.05	0.00	0.00
9	0.84	4.44	8.50	38.00	0.84	4.14	8.40	34.00	-0.01	0.04	-0.20	0.00	-0.01	0.05	-0.10	0.00
PINABRISETHRESHOLDTESTEND
PINAFALLTHRESHOLDTESTSTART
test	Shunt	Bus	Current	Power	Shunt	Bus	Current	Power	Shunt	Bus	Current	Power	Shunt	Bus	Current	Power
0	0.84	4.42	8.40	38.00	0.84	4.15	8.40	34.00	-0.02	0.04	-0.10	0.00	-0.01	0.05	-0.10	0.00
1	0.84	4.44	8.50	38.00	0.84	4.17	8.50	36.00	-0.02	0.04	-0.20	0.00	-0.01	0.05	-0.10	0.00
2	0.84	4.42	8.40	38.00	0.83	4.14	8.40	34.00	-0.01	0.04	-0.10	0.00	-0.01	0.05	0.00	0.00
3	0.85	4.45	8.50	38.00	0.85	4.17	8.40	34.00	-0.01	0.05	-0.10	0.00	-0.01	0.05	-0.10	0.00
4	0.84	4.42	8.40	38.00	0.84	4.15	8.40	34.00	-0.02	0.04	-0.10	0.00	-0.01	0.05	-0.10	0.00
5	0.85	4.45	8.50	38.00	0.85	4.17	8.50	36.00	-0.01	0.05	-0.10	0.00	-0.01	0.05	-0.10	0.00
6	0.84	4.42	8.40	38.00	0.84	4.15	8.40	34.00	-0.01	0.04	0.00	0.00	0.00	0.05	-0.10	0.00
7	0.85	4.45	8.50	38.00	0.85	4.17	8.40	34.00	-0.01	0.04	-0.10	0.00	-0.01	0.05	-0.10	0.00
8	0.84	4.43	8.40	38.00	0.85	4.14	8.40	34.00	-0.01	0.04	-0.10	0.00	-0.01	0.05	-0.10	0.00
9	0.85	4.45	8.50	38.00	0.84	4.17	8.40	34.00	-0.02	0.04	-0.20	0.00	-0.01	0.05	-0.10	0.00
PINAFALLTHRESHOLDTESTEND
PINBFALLTHRESHOLDTESTSTART
test	Shunt	Bus	Current	Power	Shunt	Bus	Current	Power	Shunt	Bus	Current	Power	Shunt	Bus	Current	Power
0	0.85	4.50	0.10	0.00	-0.01	0.00	-0.10	0.00	-0.01	3.88	-0.10	0.00	0.00	3.86	0.00	0.00
1	0.01	4.49	0.00	0.00	-0.01	0.00	-0.10	0.00	-0.01	3.89	-0.10	0.00	0.00	3.86	0.00	0.00
2	0.01	4.48	0.00	0.00	-0.01	0.00	-0.10	0.00	-0.01	3.89	0.00	0.00	0.00	3.87	0.00	0.00
3	0.00	4.48	0.00	0.00	-0.01	0.00	-0.10	0.00	0.00	3.88	0.00	0.00	0.00	3.88	0.00	0.00
4	0.00	4.48	0.10	0.00	-0.01	0.00	-0.10	0.00	0.00	3.87	0.00	0.00	0.00	3.88	0.00	0.00
5	0.00	4.49	0.10	0.00	-0.01	0.00	-0.10	0.00	-0.01	3.86	-0.10	0.00	0.00	3.88	0.00	0.00
6	0.01	4.50	0.10	0.00	-0.01	0.00	-0.10	0.00	0.00	3.85	-0.10	0.00	0.00	3.88	0.00	0.00
7	0.01	4.49	0.10	0.00	-0.01	0.00	-0.10	0.00	-0.01	3.86	-0.10	0.00	0.00	3.86	0.10	0.00
8	0.01	4.49	0.10	0.00	-0.01	0.00	-0.10	0.00	0.00	3.86	0.00	0.00	0.00	3.84	0.00	0.00
9	0.01	4.48	0.00	0.00	-0.01	0.00	-0.10	0.00	-0.01	3.88	-0.10	0.00	0.00	3.84	0.00	0.00
PINBFALLTHRESHOLDTESTEND
PINABFALLTHRESHOLDTESTSTART
test	Shunt	Bus	Current	Power	Shunt	Bus	Current	Power	Shunt	Bus	Current	Power	Shunt	Bus	Current	Power
0	0.83	4.48	0.00	0.00	-0.01	0.00	-0.10	0.00	-0.01	3.86	-0.10	0.00	0.00	3.87	0.00	0.00
1	0.00	4.49	0.00	0.00	-0.01	0.00	-0.10	0.00	-0.01	3.86	-0.10	0.00	0.00	3.86	0.00	0.00
2	0.01	4.49	0.10	0.00	-0.01	0.00	-0.10	0.00	0.00	3.87	-0.10	0.00	0.00	3.86	0.00	0.00
3	0.01	4.48	0.10	0.00	0.00	0.00	-0.10	0.00	-0.01	3.88	-0.10	0.00	0.00	3.86	0.00	0.00
4	0.01	4.47	0.10	0.00	-0.02	0.00	-0.10	0.00	-0.01	3.89	-0.10	0.00	0.00	3.87	0.00	0.00
5	0.01	4.48	0.00	0.00	-0.01	0.00	-0.10	0.00	-0.01	3.88	-0.10	0.00	0.00	3.88	0.10	0.00
6	0.01	4.48	0.00	0.00	-0.01	0.00	-0.10	0.00	-0.01	3.88	-0.10	0.00	0.00	3.86	0.00	0.00
7	0.00	4.49	0.10	0.00	-0.01	0.00	-0.10	0.00	-0.01	3.86	0.00	0.00	0.00	3.87	0.00	0.00
8	0.00	4.50	0.00	0.00	-0.01	0.00	-0.10	0.00	-0.01	3.86	-0.10	0.00	0.00	3.87	0.00	0.00
9	0.00	4.50	0.00	0.00	-0.01	0.00	-0.10	0.00	-0.01	3.86	-0.10	0.00	0.00	3.86	0.00	0.00
PINABFALLTHRESHOLDTESTEND
<< 